{
  "RSpec": {
    "coverage": {
      "/Users/ruthmoog/Makers/bank/spec/bank_spec.rb": [
        null,
        null,
        1,
        null,
        1,
        1,
        1,
        1,
        null,
        1,
        2,
        2,
        null,
        null,
        null,
        1,
        1,
        1,
        1,
        null,
        1,
        2,
        2,
        null,
        null,
        null,
        1,
        1,
        1,
        2,
        2,
        null,
        null,
        null,
        null,
        1,
        1,
        1,
        2,
        2,
        null,
        null,
        null,
        null
      ],
      "/Users/ruthmoog/Makers/bank/lib/bank.rb": [
        null,
        null,
        null,
        1,
        1,
        null,
        1,
        5,
        5,
        null,
        null,
        1,
        6,
        null,
        null,
        1,
        4,
        null,
        null,
        1,
        1,
        null,
        null,
        1,
        10,
        null,
        null,
        1,
        10,
        null,
        null,
        1,
        20,
        null,
        null,
        1,
        4,
        4,
        null,
        null,
        null,
        null,
        1,
        6,
        6,
        null,
        null,
        null,
        null
      ],
      "/Users/ruthmoog/Makers/bank/spec/features/print_statement_spec.rb": [
        null,
        null,
        1,
        1,
        null,
        1,
        1,
        1,
        null,
        1,
        1,
        1,
        1,
        1,
        null,
        1,
        null,
        1,
        1,
        null,
        1,
        1,
        null,
        1,
        1,
        null,
        1,
        null,
        1,
        null,
        null
      ],
      "/Users/ruthmoog/Makers/bank/spec/statement_spec.rb": [
        null,
        null,
        1,
        null,
        1,
        1,
        1,
        1,
        1,
        null,
        1,
        1,
        null,
        null,
        null
      ],
      "/Users/ruthmoog/Makers/bank/lib/statement.rb": [
        null,
        null,
        null,
        1,
        1,
        2,
        2,
        1,
        1,
        null,
        1,
        1,
        3,
        null,
        null,
        null,
        null,
        1,
        1,
        null,
        null
      ]
    },
    "timestamp": 1326499200
  }
}
